Arguments: 
  C:\Program Files\nodejs\node.exe C:\Program Files (x86)\Yarn\bin\yarn.js add @react-navigation/native

PATH: 
  C:\Program Files (x86)\Common Files\Oracle\Java\javapath;C:\Windows\system32;C:\Windows;C:\Windows\System32\Wbem;C:\Windows\System32\WindowsPowerShell\v1.0\;C:\Windows\System32\OpenSSH\;C:\Program Files\dotnet\;C:\Program Files\Microsoft SQL Server\130\Tools\Binn\;C:\Program Files\Microsoft SQL Server\Client SDK\ODBC\170\Tools\Binn\;C:\Program Files\NVIDIA Corporation\NVIDIA NvDLISR;C:\Program Files (x86)\NVIDIA Corporation\PhysX\Common;C:\ProgramData\chocolatey\bin;C:\Program Files\Git\cmd;C:\Program Files\nodejs\;C:\Program Files (x86)\Yarn\bin\;C:\Program Files (x86)\Microsoft SQL Server\150\Tools\Binn\;C:\Program Files\Microsoft SQL Server\150\Tools\Binn\;C:\Program Files\Microsoft SQL Server\150\DTS\Binn\;C:\Program Files (x86)\Microsoft SQL Server\150\DTS\Binn\;C:\Users\Gabriel\AppData\Local\Microsoft\WindowsApps;;C:\Users\Gabriel\AppData\Local\Programs\Microsoft VS Code\bin;C:\Users\Gabriel\.dotnet\tools;C:\Users\Gabriel\AppData\Roaming\npm;C:\Users\Gabriel\AppData\Local\Yarn\bin

Yarn version: 
  1.21.1

Node version: 
  12.14.0

Platform: 
  win32 x64

Trace: 
  Error: EPERM: operation not permitted, unlink 'C:\Users\Gabriel\workspace\Ecoleta-nlw\mobile\node_modules\file-uri-to-path\test'

npm manifest: 
  {
    "main": "node_modules/expo/AppEntry.js",
    "scripts": {
      "start": "expo start",
      "android": "expo start --android",
      "ios": "expo start --ios",
      "web": "expo start --web",
      "eject": "expo eject"
    },
    "dependencies": {
      "@expo-google-fonts/roboto": "^0.1.0",
      "@expo-google-fonts/ubuntu": "^0.1.0",
      "expo": "~37.0.3",
      "expo-font": "~8.1.0",
      "react": "~16.9.0",
      "react-dom": "~16.9.0",
      "react-native": "https://github.com/expo/react-native/archive/sdk-37.0.1.tar.gz",
      "react-native-screens": "~2.2.0",
      "react-native-web": "~0.11.7"
    },
    "devDependencies": {
      "@babel/core": "^7.8.6",
      "@types/react": "~16.9.23",
      "@types/react-native": "~0.61.17",
      "babel-preset-expo": "~8.1.0",
      "typescript": "~3.8.3"
    },
    "private": true
  }

yarn manifest: 
  No manifest

Lockfile: 
  No lockfile
